c:\users\fifam\projets\g-tech4\roguelikegame\roguelikegame\roguelikegame\x64\debug\vc143.pdb
c:\users\fifam\projets\g-tech4\roguelikegame\roguelikegame\roguelikegame\x64\debug\vc143.idb
c:\users\fifam\projets\g-tech4\roguelikegame\roguelikegame\roguelikegame\x64\debug\spectre.obj
c:\users\fifam\projets\g-tech4\roguelikegame\roguelikegame\roguelikegame\x64\debug\roguelikegame.obj
c:\users\fifam\projets\g-tech4\roguelikegame\roguelikegame\roguelikegame\x64\debug\player.obj
c:\users\fifam\projets\g-tech4\roguelikegame\roguelikegame\roguelikegame\x64\debug\golem.obj
c:\users\fifam\projets\g-tech4\roguelikegame\roguelikegame\roguelikegame\x64\debug\faucheur.obj
c:\users\fifam\projets\g-tech4\roguelikegame\roguelikegame\roguelikegame\x64\debug\navigator.obj
c:\users\fifam\projets\g-tech4\roguelikegame\roguelikegame\roguelikegame\x64\debug\entity.obj
c:\users\fifam\projets\g-tech4\roguelikegame\roguelikegame\x64\debug\roguelikegame.exe
c:\users\fifam\projets\g-tech4\roguelikegame\roguelikegame\x64\debug\roguelikegame.pdb
c:\users\fifam\projets\g-tech4\roguelikegame\roguelikegame\roguelikegame\x64\debug\roguelikegame.ilk
c:\users\fifam\projets\g-tech4\roguelikegame\roguelikegame\roguelikegame\x64\debug\character.obj
c:\users\fifam\projets\g-tech4\roguelikegame\roguelikegame\roguelikegame\x64\debug\game.obj
c:\users\fifam\projets\g-tech4\roguelikegame\roguelikegame\roguelikegame\x64\debug\monster.obj
c:\users\fifam\projets\g-tech4\roguelikegame\roguelikegame\roguelikegame\x64\debug\roguelikegame.tlog\cl.command.1.tlog
c:\users\fifam\projets\g-tech4\roguelikegame\roguelikegame\roguelikegame\x64\debug\roguelikegame.tlog\cl.items.tlog
c:\users\fifam\projets\g-tech4\roguelikegame\roguelikegame\roguelikegame\x64\debug\roguelikegame.tlog\cl.read.1.tlog
c:\users\fifam\projets\g-tech4\roguelikegame\roguelikegame\roguelikegame\x64\debug\roguelikegame.tlog\cl.write.1.tlog
c:\users\fifam\projets\g-tech4\roguelikegame\roguelikegame\roguelikegame\x64\debug\roguelikegame.tlog\link.command.1.tlog
c:\users\fifam\projets\g-tech4\roguelikegame\roguelikegame\roguelikegame\x64\debug\roguelikegame.tlog\link.read.1.tlog
c:\users\fifam\projets\g-tech4\roguelikegame\roguelikegame\roguelikegame\x64\debug\roguelikegame.tlog\link.secondary.1.tlog
c:\users\fifam\projets\g-tech4\roguelikegame\roguelikegame\roguelikegame\x64\debug\roguelikegame.tlog\link.write.1.tlog
